<?xml version="1.0" encoding="UTF-8"?>
<coverage generated="1709815520214" clover="3.2.0">
  <project timestamp="1709815520214" name="All files">
    <metrics statements="45" coveredstatements="5" conditionals="6" coveredconditionals="1" methods="20" coveredmethods="4" elements="71" coveredelements="10" complexity="0" loc="45" ncloc="45" packages="1" files="7" classes="7"/>
    <file name="async.js" path="D:\Belajar\Belajar Coding\Eko\Nodejs\Code\unit-test\src\async.js">
      <metrics statements="9" coveredstatements="0" conditionals="2" coveredconditionals="0" methods="4" coveredmethods="0"/>
      <line num="1" count="0" type="stmt"/>
      <line num="2" count="0" type="stmt"/>
      <line num="3" count="0" type="stmt"/>
      <line num="4" count="0" type="cond" truecount="0" falsecount="2"/>
      <line num="5" count="0" type="stmt"/>
      <line num="7" count="0" type="stmt"/>
      <line num="13" count="0" type="stmt"/>
      <line num="14" count="0" type="stmt"/>
      <line num="15" count="0" type="stmt"/>
    </file>
    <file name="class-user-service.js" path="D:\Belajar\Belajar Coding\Eko\Nodejs\Code\unit-test\src\class-user-service.js">
      <metrics statements="6" coveredstatements="5" conditionals="2" coveredconditionals="1" methods="4" coveredmethods="4"/>
      <line num="6" count="1" type="cond" truecount="1" falsecount="1"/>
      <line num="7" count="1" type="stmt"/>
      <line num="9" count="0" type="stmt"/>
      <line num="14" count="1" type="stmt"/>
      <line num="18" count="2" type="stmt"/>
      <line num="22" count="1" type="stmt"/>
    </file>
    <file name="database.js" path="D:\Belajar\Belajar Coding\Eko\Nodejs\Code\unit-test\src\database.js">
      <metrics statements="4" coveredstatements="0" conditionals="0" coveredconditionals="0" methods="2" coveredmethods="0"/>
      <line num="1" count="0" type="stmt"/>
      <line num="3" count="0" type="stmt"/>
      <line num="6" count="0" type="stmt"/>
      <line num="8" count="0" type="stmt"/>
    </file>
    <file name="product-services.js" path="D:\Belajar\Belajar Coding\Eko\Nodejs\Code\unit-test\src\product-services.js">
      <metrics statements="2" coveredstatements="0" conditionals="0" coveredconditionals="0" methods="2" coveredmethods="0"/>
      <line num="5" count="0" type="stmt"/>
      <line num="9" count="0" type="stmt"/>
    </file>
    <file name="sayHello.js" path="D:\Belajar\Belajar Coding\Eko\Nodejs\Code\unit-test\src\sayHello.js">
      <metrics statements="4" coveredstatements="0" conditionals="2" coveredconditionals="0" methods="1" coveredmethods="0"/>
      <line num="1" count="0" type="stmt"/>
      <line num="2" count="0" type="cond" truecount="0" falsecount="2"/>
      <line num="3" count="0" type="stmt"/>
      <line num="5" count="0" type="stmt"/>
    </file>
    <file name="sum.js" path="D:\Belajar\Belajar Coding\Eko\Nodejs\Code\unit-test\src\sum.js">
      <metrics statements="17" coveredstatements="0" conditionals="0" coveredconditionals="0" methods="4" coveredmethods="0"/>
      <line num="1" count="0" type="stmt"/>
      <line num="2" count="0" type="stmt"/>
      <line num="5" count="0" type="stmt"/>
      <line num="6" count="0" type="stmt"/>
      <line num="7" count="0" type="stmt"/>
      <line num="8" count="0" type="stmt"/>
      <line num="10" count="0" type="stmt"/>
      <line num="13" count="0" type="stmt"/>
      <line num="14" count="0" type="stmt"/>
      <line num="15" count="0" type="stmt"/>
      <line num="16" count="0" type="stmt"/>
      <line num="18" count="0" type="stmt"/>
      <line num="21" count="0" type="stmt"/>
      <line num="22" count="0" type="stmt"/>
      <line num="23" count="0" type="stmt"/>
      <line num="24" count="0" type="stmt"/>
      <line num="26" count="0" type="stmt"/>
    </file>
    <file name="user-repository.js" path="D:\Belajar\Belajar Coding\Eko\Nodejs\Code\unit-test\src\user-repository.js">
      <metrics statements="3" coveredstatements="0" conditionals="0" coveredconditionals="0" methods="3" coveredmethods="0"/>
      <line num="4" count="0" type="stmt"/>
      <line num="8" count="0" type="stmt"/>
      <line num="12" count="0" type="stmt"/>
    </file>
  </project>
</coverage>
