{"D:\\Belajar\\Belajar Coding\\Eko\\Nodejs\\Code\\unit-test\\src\\async.js": {"path":"D:\\Belajar\\Belajar Coding\\Eko\\Nodejs\\Code\\unit-test\\src\\async.js","statementMap":{"0":{"start":{"line":1,"column":29},"end":{"line":11,"column":1}},"1":{"start":{"line":2,"column":4},"end":{"line":10,"column":6}},"2":{"start":{"line":3,"column":8},"end":{"line":9,"column":16}},"3":{"start":{"line":4,"column":12},"end":{"line":8,"column":13}},"4":{"start":{"line":5,"column":16},"end":{"line":5,"column":40}},"5":{"start":{"line":7,"column":16},"end":{"line":7,"column":39}},"6":{"start":{"line":13,"column":26},"end":{"line":16,"column":1}},"7":{"start":{"line":14,"column":20},"end":{"line":14,"column":32}},"8":{"start":{"line":15,"column":4},"end":{"line":15,"column":41}}},"fnMap":{"0":{"name":"(anonymous_0)","decl":{"start":{"line":1,"column":29},"end":{"line":1,"column":30}},"loc":{"start":{"line":1,"column":38},"end":{"line":11,"column":1}},"line":1},"1":{"name":"(anonymous_1)","decl":{"start":{"line":2,"column":23},"end":{"line":2,"column":24}},"loc":{"start":{"line":2,"column":43},"end":{"line":10,"column":5}},"line":2},"2":{"name":"(anonymous_2)","decl":{"start":{"line":3,"column":19},"end":{"line":3,"column":20}},"loc":{"start":{"line":3,"column":24},"end":{"line":9,"column":9}},"line":3},"3":{"name":"(anonymous_3)","decl":{"start":{"line":13,"column":26},"end":{"line":13,"column":27}},"loc":{"start":{"line":13,"column":47},"end":{"line":16,"column":1}},"line":13}},"branchMap":{"0":{"loc":{"start":{"line":4,"column":12},"end":{"line":8,"column":13}},"type":"if","locations":[{"start":{"line":4,"column":12},"end":{"line":8,"column":13}},{"start":{"line":6,"column":17},"end":{"line":8,"column":13}}],"line":4}},"s":{"0":0,"1":0,"2":0,"3":0,"4":0,"5":0,"6":0,"7":0,"8":0},"f":{"0":0,"1":0,"2":0,"3":0},"b":{"0":[0,0]}}
,"D:\\Belajar\\Belajar Coding\\Eko\\Nodejs\\Code\\unit-test\\src\\class-user-service.js": {"path":"D:\\Belajar\\Belajar Coding\\Eko\\Nodejs\\Code\\unit-test\\src\\class-user-service.js","statementMap":{"0":{"start":{"line":6,"column":8},"end":{"line":10,"column":9}},"1":{"start":{"line":7,"column":12},"end":{"line":7,"column":48}},"2":{"start":{"line":9,"column":12},"end":{"line":9,"column":54}},"3":{"start":{"line":14,"column":8},"end":{"line":14,"column":38}},"4":{"start":{"line":18,"column":8},"end":{"line":18,"column":47}},"5":{"start":{"line":22,"column":8},"end":{"line":22,"column":44}}},"fnMap":{"0":{"name":"(anonymous_0)","decl":{"start":{"line":5,"column":4},"end":{"line":5,"column":5}},"loc":{"start":{"line":5,"column":31},"end":{"line":11,"column":5}},"line":5},"1":{"name":"(anonymous_1)","decl":{"start":{"line":13,"column":4},"end":{"line":13,"column":5}},"loc":{"start":{"line":13,"column":14},"end":{"line":15,"column":5}},"line":13},"2":{"name":"(anonymous_2)","decl":{"start":{"line":17,"column":4},"end":{"line":17,"column":5}},"loc":{"start":{"line":17,"column":16},"end":{"line":19,"column":5}},"line":17},"3":{"name":"(anonymous_3)","decl":{"start":{"line":21,"column":4},"end":{"line":21,"column":5}},"loc":{"start":{"line":21,"column":13},"end":{"line":23,"column":5}},"line":21}},"branchMap":{"0":{"loc":{"start":{"line":6,"column":8},"end":{"line":10,"column":9}},"type":"if","locations":[{"start":{"line":6,"column":8},"end":{"line":10,"column":9}},{"start":{"line":8,"column":13},"end":{"line":10,"column":9}}],"line":6}},"s":{"0":1,"1":1,"2":0,"3":1,"4":2,"5":1},"f":{"0":1,"1":1,"2":2,"3":1},"b":{"0":[1,0]},"_coverageSchema":"1a1c01bbd47fc00a2c39e90264f33305004495a9","hash":"42ce73e44b528e383fbff8601ec21c8166dc67fa"}
,"D:\\Belajar\\Belajar Coding\\Eko\\Nodejs\\Code\\unit-test\\src\\database.js": {"path":"D:\\Belajar\\Belajar Coding\\Eko\\Nodejs\\Code\\unit-test\\src\\database.js","statementMap":{"0":{"start":{"line":1,"column":30},"end":{"line":4,"column":1}},"1":{"start":{"line":3,"column":4},"end":{"line":3,"column":37}},"2":{"start":{"line":6,"column":30},"end":{"line":9,"column":1}},"3":{"start":{"line":8,"column":4},"end":{"line":8,"column":37}}},"fnMap":{"0":{"name":"(anonymous_0)","decl":{"start":{"line":1,"column":30},"end":{"line":1,"column":31}},"loc":{"start":{"line":1,"column":36},"end":{"line":4,"column":1}},"line":1},"1":{"name":"(anonymous_1)","decl":{"start":{"line":6,"column":30},"end":{"line":6,"column":31}},"loc":{"start":{"line":6,"column":36},"end":{"line":9,"column":1}},"line":6}},"branchMap":{},"s":{"0":0,"1":0,"2":0,"3":0},"f":{"0":0,"1":0},"b":{}}
,"D:\\Belajar\\Belajar Coding\\Eko\\Nodejs\\Code\\unit-test\\src\\product-services.js": {"path":"D:\\Belajar\\Belajar Coding\\Eko\\Nodejs\\Code\\unit-test\\src\\product-services.js","statementMap":{"0":{"start":{"line":5,"column":8},"end":{"line":5,"column":33}},"1":{"start":{"line":9,"column":8},"end":{"line":9,"column":31}}},"fnMap":{"0":{"name":"(anonymous_0)","decl":{"start":{"line":4,"column":4},"end":{"line":4,"column":5}},"loc":{"start":{"line":4,"column":23},"end":{"line":6,"column":5}},"line":4},"1":{"name":"(anonymous_1)","decl":{"start":{"line":8,"column":4},"end":{"line":8,"column":5}},"loc":{"start":{"line":8,"column":20},"end":{"line":10,"column":5}},"line":8}},"branchMap":{},"s":{"0":0,"1":0},"f":{"0":0,"1":0},"b":{}}
,"D:\\Belajar\\Belajar Coding\\Eko\\Nodejs\\Code\\unit-test\\src\\sayHello.js": {"path":"D:\\Belajar\\Belajar Coding\\Eko\\Nodejs\\Code\\unit-test\\src\\sayHello.js","statementMap":{"0":{"start":{"line":1,"column":24},"end":{"line":7,"column":1}},"1":{"start":{"line":2,"column":4},"end":{"line":6,"column":5}},"2":{"start":{"line":3,"column":8},"end":{"line":3,"column":30}},"3":{"start":{"line":5,"column":8},"end":{"line":5,"column":43}}},"fnMap":{"0":{"name":"(anonymous_0)","decl":{"start":{"line":1,"column":24},"end":{"line":1,"column":25}},"loc":{"start":{"line":1,"column":33},"end":{"line":7,"column":1}},"line":1}},"branchMap":{"0":{"loc":{"start":{"line":2,"column":4},"end":{"line":6,"column":5}},"type":"if","locations":[{"start":{"line":2,"column":4},"end":{"line":6,"column":5}},{"start":{"line":4,"column":9},"end":{"line":6,"column":5}}],"line":2}},"s":{"0":0,"1":0,"2":0,"3":0},"f":{"0":0},"b":{"0":[0,0]}}
,"D:\\Belajar\\Belajar Coding\\Eko\\Nodejs\\Code\\unit-test\\src\\sum.js": {"path":"D:\\Belajar\\Belajar Coding\\Eko\\Nodejs\\Code\\unit-test\\src\\sum.js","statementMap":{"0":{"start":{"line":1,"column":19},"end":{"line":3,"column":1}},"1":{"start":{"line":2,"column":4},"end":{"line":2,"column":25}},"2":{"start":{"line":5,"column":22},"end":{"line":11,"column":1}},"3":{"start":{"line":6,"column":16},"end":{"line":6,"column":17}},"4":{"start":{"line":7,"column":4},"end":{"line":9,"column":5}},"5":{"start":{"line":8,"column":8},"end":{"line":8,"column":23}},"6":{"start":{"line":10,"column":4},"end":{"line":10,"column":16}},"7":{"start":{"line":13,"column":25},"end":{"line":19,"column":1}},"8":{"start":{"line":14,"column":16},"end":{"line":14,"column":17}},"9":{"start":{"line":15,"column":4},"end":{"line":17,"column":5}},"10":{"start":{"line":16,"column":8},"end":{"line":16,"column":23}},"11":{"start":{"line":18,"column":4},"end":{"line":18,"column":19}},"12":{"start":{"line":21,"column":34},"end":{"line":27,"column":1}},"13":{"start":{"line":22,"column":16},"end":{"line":22,"column":17}},"14":{"start":{"line":23,"column":4},"end":{"line":25,"column":5}},"15":{"start":{"line":24,"column":8},"end":{"line":24,"column":23}},"16":{"start":{"line":26,"column":4},"end":{"line":26,"column":26}}},"fnMap":{"0":{"name":"(anonymous_0)","decl":{"start":{"line":1,"column":19},"end":{"line":1,"column":20}},"loc":{"start":{"line":1,"column":38},"end":{"line":3,"column":1}},"line":1},"1":{"name":"(anonymous_1)","decl":{"start":{"line":5,"column":22},"end":{"line":5,"column":23}},"loc":{"start":{"line":5,"column":33},"end":{"line":11,"column":1}},"line":5},"2":{"name":"(anonymous_2)","decl":{"start":{"line":13,"column":25},"end":{"line":13,"column":26}},"loc":{"start":{"line":13,"column":47},"end":{"line":19,"column":1}},"line":13},"3":{"name":"(anonymous_3)","decl":{"start":{"line":21,"column":34},"end":{"line":21,"column":35}},"loc":{"start":{"line":21,"column":55},"end":{"line":27,"column":1}},"line":21}},"branchMap":{},"s":{"0":0,"1":0,"2":0,"3":0,"4":0,"5":0,"6":0,"7":0,"8":0,"9":0,"10":0,"11":0,"12":0,"13":0,"14":0,"15":0,"16":0},"f":{"0":0,"1":0,"2":0,"3":0},"b":{}}
,"D:\\Belajar\\Belajar Coding\\Eko\\Nodejs\\Code\\unit-test\\src\\user-repository.js": {"path":"D:\\Belajar\\Belajar Coding\\Eko\\Nodejs\\Code\\unit-test\\src\\user-repository.js","statementMap":{"0":{"start":{"line":4,"column":8},"end":{"line":4,"column":42}},"1":{"start":{"line":8,"column":8},"end":{"line":8,"column":42}},"2":{"start":{"line":12,"column":8},"end":{"line":12,"column":42}}},"fnMap":{"0":{"name":"(anonymous_0)","decl":{"start":{"line":3,"column":4},"end":{"line":3,"column":5}},"loc":{"start":{"line":3,"column":14},"end":{"line":5,"column":5}},"line":3},"1":{"name":"(anonymous_1)","decl":{"start":{"line":7,"column":4},"end":{"line":7,"column":5}},"loc":{"start":{"line":7,"column":16},"end":{"line":9,"column":5}},"line":7},"2":{"name":"(anonymous_2)","decl":{"start":{"line":11,"column":4},"end":{"line":11,"column":5}},"loc":{"start":{"line":11,"column":13},"end":{"line":13,"column":5}},"line":11}},"branchMap":{},"s":{"0":0,"1":0,"2":0},"f":{"0":0,"1":0,"2":0},"b":{},"_coverageSchema":"1a1c01bbd47fc00a2c39e90264f33305004495a9","hash":"f3f97c82814663406309e5e385ecd494c8c004af"}
}
